<?xml version="1.0" encoding="UTF-8" ?>
<testsuite errors="1" failures="0" hostname="LAPTOP-862SJ3TN" name="ch.makery.address.util.xml.XmlUtilTest" skipped="0" tests="4" time="0.237" timestamp="2019-06-06T11:44:25">
  <properties>
    <property name="netbeans.autoupdate.country" value="BR" />
    <property name="javafx.binarycss" value="false" />
    <property name="javafx.signing.enabled" value="false" />
    <property name="javac.test.classpath" value="C:\Program Files\Java\jdk1.8.0_111/jre/lib/javaws.jar:C:\Program Files\Java\jdk1.8.0_111/jre/lib/deploy.jar:C:\Program Files\Java\jdk1.8.0_111/jre/lib/plugin.jar:build/classes:C:\Program Files\netbeans\platform\modules\ext\junit-4.12.jar:C:\Program Files\netbeans\platform\modules\ext\hamcrest-core-1.3.jar" />
    <property name="libs.JavaFX.maven-pom" value="" />
    <property name="manifest.custom.codebase" value="*" />
    <property name="javafx.signing.blob" value="false" />
    <property name="javac.test.sourcepath" value="C:\Users\pvito\Documents\GitHub\AddressApp\build\empty" />
    <property name="ant.core.lib" value="C:\Program Files\netbeans\extide\ant\lib\ant.jar" />
    <property name="javadoc.windowtitle" value="" />
    <property name="javafx.preloader.enabled" value="false" />
    <property name="user.dir" value="C:\Users\pvito\Documents\GitHub\AddressApp" />
    <property name="java.vm.version" value="25.111-b14" />
    <property name="libs.eclipselinkmodelgen.src" value="" />
    <property name="javadoc.notree" value="false" />
    <property name="netbeans.autoupdate.version" value="1.23" />
    <property name="javafx.run.as" value="standalone" />
    <property name="javac.profile.cmd.line.arg" value="" />
    <property name="jdk.home" value="C:\Program Files\Java\jdk-12.0.1" />
    <property name="javafx.deploy.addstartmenushortcut" value="false" />
    <property name="libs.javac-api.src" value="" />
    <property name="javafx.enabled" value="true" />
    <property name="javadoc.noindex" value="false" />
    <property name="sun.os.patch.level" value="" />
    <property name="auxiliary.org-netbeans-modules-projectapi.issue214819_5f_fx_5f_enabled" value="true" />
    <property name="java.vm.specification.name" value="Java Virtual Machine Specification" />
    <property name="nb.show.statistics.ui" value="usageStatisticsEnabled" />
    <property name="netbeans.autoupdate.variant" value="" />
    <property name="have.tests" value="true" />
    <property name="org.xml.sax.driver" value="com.sun.org.apache.xerces.internal.jaxp.SAXParserImpl$JAXPSAXParser" />
    <property name="libs.hamcrest.classpath" value="C:\Program Files\netbeans\platform\modules\ext\hamcrest-core-1.3.jar" />
    <property name="libs.javac-api.javadoc" value="" />
    <property name="os.name" value="Windows 10" />
    <property name="jdk.gtk.version" value="2.2" />
    <property name="ap.proc.none.internal" value="" />
    <property name="libs.JWSAntTasks.maven-pom" value="" />
    <property name="libs.testng.src" value="" />
    <property name="javafx.preloader.project.path" value="" />
    <property name="java.vendor.url.bug" value="http://bugreport.sun.com/bugreport/" />
    <property name="javafx.preloader.type" value="none" />
    <property name="libs.jaxb.maven-pom" value="" />
    <property name="os.arch" value="amd64" />
    <property name="libs.eclipselink.src" value="" />
    <property name="user.name" value="pvito" />
    <property name="copylibs.rebase" value="true" />
    <property name="sun.java.command" value="org.apache.tools.ant.taskdefs.optional.junit.JUnitTestRunner ch.makery.address.util.xml.XmlUtilTest skipNonTests=false filtertrace=true haltOnError=false haltOnFailure=false showoutput=true outputtoformatters=true logfailedtests=true threadid=0 logtestlistenerevents=true formatter=org.apache.tools.ant.taskdefs.optional.junit.BriefJUnitResultFormatter formatter=org.apache.tools.ant.taskdefs.optional.junit.XMLJUnitResultFormatter,C:\Users\pvito\Documents\GitHub\AddressApp\build\test\results\TEST-ch.makery.address.util.xml.XmlUtilTest.xml crashfile=C:\Users\pvito\Documents\GitHub\AddressApp\build\junitvmwatcher12655346902432327116.properties propsfile=C:\Users\pvito\Documents\GitHub\AddressApp\build\junit11762559979976017964.properties" />
    <property name="build.classes.dir" value="build/classes" />
    <property name="build.sysclasspath" value="ignore" />
    <property name="manifest.encoding" value="UTF-8" />
    <property name="ap.supported.internal" value="true" />
    <property name="java.failonerror" value="true" />
    <property name="run.modulepath" value="" />
    <property name="libs.jaxws21.javadoc" value="C:\Program Files\netbeans\java\docs\jaxws-api-doc.zip" />
    <property name="jdk.debug" value="release" />
    <property name="libs.JavaFX.javadoc" value="" />
    <property name="javafx.run.width" value="800" />
    <property name="includes" value="**" />
    <property name="user.country" value="BR" />
    <property name="manifest.file" value="manifest.mf" />
    <property name="javadoc.encoding" value="UTF-8" />
    <property name="platform.home" value="C:\Program Files\Java\jdk1.8.0_111" />
    <property name="javac.classpath" value="C:\Program Files\Java\jdk1.8.0_111/jre/lib/javaws.jar:C:\Program Files\Java\jdk1.8.0_111/jre/lib/deploy.jar:C:\Program Files\Java\jdk1.8.0_111/jre/lib/plugin.jar" />
    <property name="libs.spring-framework400.classpath" value="C:\Program Files\netbeans\ide\modules\org-apache-commons-logging.jar;C:\Program Files\netbeans\java\modules\ext\cglib-2.2.jar;C:\Program Files\netbeans\java\modules\ext\spring-4\spring-aop-4.0.1.RELEASE.jar;C:\Program Files\netbeans\java\modules\ext\spring-4\spring-aspects-4.0.1.RELEASE.jar;C:\Program Files\netbeans\java\modules\ext\spring-4\spring-beans-4.0.1.RELEASE.jar;C:\Program Files\netbeans\java\modules\ext\spring-4\spring-build-src-4.0.1.RELEASE.jar;C:\Program Files\netbeans\java\modules\ext\spring-4\spring-context-4.0.1.RELEASE.jar;C:\Program Files\netbeans\java\modules\ext\spring-4\spring-context-support-4.0.1.RELEASE.jar;C:\Program Files\netbeans\java\modules\ext\spring-4\spring-core-4.0.1.RELEASE.jar;C:\Program Files\netbeans\java\modules\ext\spring-4\spring-expression-4.0.1.RELEASE.jar;C:\Program Files\netbeans\java\modules\ext\spring-4\spring-framework-bom-4.0.1.RELEASE.jar;C:\Program Files\netbeans\java\modules\ext\spring-4\spring-instrument-4.0.1.RELEASE.jar;C:\Program Files\netbeans\java\modules\ext\spring-4\spring-instrument-tomcat-4.0.1.RELEASE.jar;C:\Program Files\netbeans\java\modules\ext\spring-4\spring-jdbc-4.0.1.RELEASE.jar;C:\Program Files\netbeans\java\modules\ext\spring-4\spring-jms-4.0.1.RELEASE.jar;C:\Program Files\netbeans\java\modules\ext\spring-4\spring-messaging-4.0.1.RELEASE.jar;C:\Program Files\netbeans\java\modules\ext\spring-4\spring-orm-4.0.1.RELEASE.jar;C:\Program Files\netbeans\java\modules\ext\spring-4\spring-oxm-4.0.1.RELEASE.jar;C:\Program Files\netbeans\java\modules\ext\spring-4\spring-test-4.0.1.RELEASE.jar;C:\Program Files\netbeans\java\modules\ext\spring-4\spring-tx-4.0.1.RELEASE.jar;C:\Program Files\netbeans\java\modules\ext\spring-4\spring-web-4.0.1.RELEASE.jar;C:\Program Files\netbeans\java\modules\ext\spring-4\spring-webmvc-4.0.1.RELEASE.jar;C:\Program Files\netbeans\java\modules\ext\spring-4\spring-webmvc-portlet-4.0.1.RELEASE.jar;C:\Program Files\netbeans\java\modules\ext\spring-4\spring-websocket-4.0.1.RELEASE.jar" />
    <property name="platform.bootcp" value="C:\Program Files\Java\jdk1.8.0_111\jre\lib\resources.jar;C:\Program Files\Java\jdk1.8.0_111\jre\lib\rt.jar;C:\Program Files\Java\jdk1.8.0_111\jre\lib\sunrsasign.jar;C:\Program Files\Java\jdk1.8.0_111\jre\lib\jsse.jar;C:\Program Files\Java\jdk1.8.0_111\jre\lib\jce.jar;C:\Program Files\Java\jdk1.8.0_111\jre\lib\charsets.jar;C:\Program Files\Java\jdk1.8.0_111\jre\lib\jfr.jar;C:\Program Files\Java\jdk1.8.0_111\jre\classes;C:\Program Files\Java\jdk1.8.0_111\jre\lib\ext\access-bridge-64.jar;C:\Program Files\Java\jdk1.8.0_111\jre\lib\ext\cldrdata.jar;C:\Program Files\Java\jdk1.8.0_111\jre\lib\ext\dnsns.jar;C:\Program Files\Java\jdk1.8.0_111\jre\lib\ext\jaccess.jar;C:\Program Files\Java\jdk1.8.0_111\jre\lib\ext\jfxrt.jar;C:\Program Files\Java\jdk1.8.0_111\jre\lib\ext\localedata.jar;C:\Program Files\Java\jdk1.8.0_111\jre\lib\ext\nashorn.jar;C:\Program Files\Java\jdk1.8.0_111\jre\lib\ext\sunec.jar;C:\Program Files\Java\jdk1.8.0_111\jre\lib\ext\sunjce_provider.jar;C:\Program Files\Java\jdk1.8.0_111\jre\lib\ext\sunmscapi.jar;C:\Program Files\Java\jdk1.8.0_111\jre\lib\ext\sunpkcs11.jar;C:\Program Files\Java\jdk1.8.0_111\jre\lib\ext\zipfs.jar" />
    <property name="debug-transport" value="dt_shmem" />
    <property name="netbeans.home" value="C:\Program Files\netbeans\platform" />
    <property name="ant.file.AddressApp" value="C:\Users\pvito\Documents\GitHub\AddressApp\build.xml" />
    <property name="build.compiler.emacs" value="true" />
    <property name="javac.modulepath" value="" />
    <property name="javafx.deploy.includeDT" value="true" />
    <property name="java.endorsed.dirs" value="C:\Program Files\Java\jdk1.8.0_111\jre\lib\endorsed" />
    <property name="libs.groovy-all.src" value="" />
    <property name="libs.junit_5.src" value="C:\Program Files\netbeans\platform\docs\junit-jupiter-api-5.3.1-sources.jar;C:\Program Files\netbeans\platform\docs\junit-jupiter-params-5.3.1-sources.jar;C:\Program Files\netbeans\platform\docs\junit-jupiter-engine-5.3.1-sources.jar" />
    <property name="netbeans.dynamic.classpath" value="C:\Program Files\netbeans\platform\core\asm-all-5.0.1.jar;C:\Program Files\netbeans\platform\core\core-base.jar;C:\Program Files\netbeans\platform\core\core.jar;C:\Program Files\netbeans\platform\core\org-netbeans-libs-asm.jar;C:\Program Files\netbeans\platform\core\org-openide-filesystems-compat8.jar;C:\Program Files\netbeans\platform\core\org-openide-filesystems.jar;C:\Program Files\netbeans\nb\core\org-netbeans-upgrader.jar;C:\Program Files\netbeans\nb\core\locale\core_nb.jar" />
    <property name="jnlp.enabled" value="false" />
    <property name="java.vm.specification.version" value="1.8" />
    <property name="plugin.manager.check.updates" value="false" />
    <property name="libs.groovy-all.maven-pom" value="" />
    <property name="netbeans.productversion" value="Apache NetBeans IDE 10.0 (Build incubator-netbeans-release-380-on-20181217)" />
    <property name="javafx.preloader.class" value="" />
    <property name="libs.jaxws21.src" value="" />
    <property name="application.title" value="AddressApp" />
    <property name="netbeans.autoupdate.language" value="pt" />
    <property name="java.vendor" value="Oracle Corporation" />
    <property name="jar.index.metainf" value="false" />
    <property name="javac.debug" value="true" />
    <property name="javadoc.splitindex" value="true" />
    <property name="file.separator" value="\" />
    <property name="libs.junit_4.maven-pom" value="" />
    <property name="mkdist.disabled" value="false" />
    <property name="javac.test.processorpath" value="C:\Program Files\Java\jdk1.8.0_111/jre/lib/javaws.jar:C:\Program Files\Java\jdk1.8.0_111/jre/lib/deploy.jar:C:\Program Files\Java\jdk1.8.0_111/jre/lib/plugin.jar:build/classes:C:\Program Files\netbeans\platform\modules\ext\junit-4.12.jar:C:\Program Files\netbeans\platform\modules\ext\hamcrest-core-1.3.jar" />
    <property name="netbeans.buildnumber" value="incubator-netbeans-release-380-on-20181217" />
    <property name="libs.JWSAntTasks.javadoc" value="" />
    <property name="build.generated.sources.dir" value="build/generated-sources" />
    <property name="user.variant" value="" />
    <property name="libs.eclipselinkmodelgen.classpath" value="C:\Program Files\netbeans\java\modules\ext\eclipselink\org.eclipse.persistence.jpa.modelgen.processor-2.5.2.jar" />
    <property name="sun.java.launcher" value="SUN_STANDARD" />
    <property name="libs.jaxb.javadoc" value="C:\Program Files\netbeans\ide\docs\jaxb-api-2.2.5-javadoc.jar" />
    <property name="ant.home" value="C:\Program Files\netbeans\extide\ant" />
    <property name="libs.junit_4.src" value="C:\Program Files\netbeans\platform\docs\junit-4.12-sources.jar" />
    <property name="javafx.run.height" value="600" />
    <property name="libs.testng.classpath" value="C:\Program Files\netbeans\platform\modules\ext\testng-6.8.1-dist.jar" />
    <property name="libs.absolutelayout.maven-pom" value="" />
    <property name="ant.java.version" value="12" />
    <property name="java.library.path" value="C:\Program Files\Java\jdk1.8.0_111\bin;C:\WINDOWS\Sun\Java\bin;C:\WINDOWS\system32;C:\WINDOWS;C:\Python27\;C:\Python27\Scripts;C:\Program Files (x86)\Common Files\Oracle\Java\javapath;C:\Program Files\Microsoft MPI\Bin\;C:\ProgramData\Oracle\Java\javapath;C:\Program Files (x86)\Intel\iCLS Client\;C:\Program Files\Intel\iCLS Client\;C:\windows\system32;C:\windows;C:\windows\System32\Wbem;C:\windows\System32\WindowsPowerShell\v1.0\;C:\Program Files (x86)\NVIDIA Corporation\PhysX\Common;C:\Program Files (x86)\Intel\Intel(R) Management Engine Components\DAL;C:\Program Files\Intel\Intel(R) Management Engine Components\DAL;C:\Program Files (x86)\Intel\Intel(R) Management Engine Components\IPT;C:\Program Files\Intel\Intel(R) Management Engine Components\IPT;C:\WINDOWS\system32;C:\WINDOWS;C:\WINDOWS\System32\Wbem;C:\WINDOWS\System32\WindowsPowerShell\v1.0\;C:\Program Files (x86)\GtkSharp\2.12\bin;C:\WINDOWS\System32\OpenSSH\;C:\Program Files\Git\cmd;C:\Program Files\NVIDIA Corporation\NVIDIA NvDLISR;C:\Program Files\Calibre2\;C:\Program Files (x86)\Yarn\bin\;C:\ProgramData\chocolatey\bin;C:\Program Files\nodejs\;C:\Program Files\Java\jdk1.8.0_211\bin;C:\Program Files\dotnet\;C:\Program Files\Microsoft SQL Server\130\Tools\Binn\;C:\Users\pvito\AppData\Local\Microsoft\WindowsApps;C:\Program Files\Java\jdk1.8.0_211\bin;C:\Users\pvito\AppData\Local\Programs\Python\Python36\Scripts;C:\Users\pvito\AppData\Local\Programs\Microsoft VS Code\bin;C:\Users\pvito\AppData\Local\Android\Sdk\platform-tools;C:\Users\pvito\AppData\Local\Yarn\bin;C:\Users\pvito\AppData\Roaming\npm;;." />
    <property name="javadoc.author" value="false" />
    <property name="java.util.logging.config.class" value="org.netbeans.core.startup.TopLogging" />
    <property name="libs.spring-framework400.src" value="" />
    <property name="libs.PostgreSQLDriver.src" value="" />
    <property name="sun.arch.data.model" value="64" />
    <property name="basedir" value="C:\Users\pvito\Documents\GitHub\AddressApp" />
    <property name="libs.jpa20-persistence.maven-pom" value="" />
    <property name="jar.compress" value="false" />
    <property name="libs.JavaFX.src" value="" />
    <property name="path.separator" value=";" />
    <property name="ant.junit.enabletestlistenerevents" value="true" />
    <property name="platform.javac" value="C:\Program Files\Java\jdk1.8.0_111/bin/javac" />
    <property name="sun.io.unicode.encoding" value="UnicodeLittle" />
    <property name="libs.jaxws21.classpath" value="C:\Program Files\netbeans\java\modules\ext\jaxws22\FastInfoset.jar;C:\Program Files\netbeans\java\modules\ext\jaxws22\gmbal-api-only.jar;C:\Program Files\netbeans\java\modules\ext\jaxws22\ha-api.jar;C:\Program Files\netbeans\java\modules\ext\jaxws22\javax.mail_1.4.jar;C:\Program Files\netbeans\java\modules\ext\jaxws22\jaxws-rt.jar;C:\Program Files\netbeans\java\modules\ext\jaxws22\jaxws-tools.jar;C:\Program Files\netbeans\java\modules\ext\jaxws22\management-api.jar;C:\Program Files\netbeans\java\modules\ext\jaxws22\mimepull.jar;C:\Program Files\netbeans\java\modules\ext\jaxws22\policy.jar;C:\Program Files\netbeans\java\modules\ext\jaxws22\saaj-impl.jar;C:\Program Files\netbeans\java\modules\ext\jaxws22\stax-ex.jar;C:\Program Files\netbeans\java\modules\ext\jaxws22\stax2-api.jar;C:\Program Files\netbeans\java\modules\ext\jaxws22\streambuffer.jar;C:\Program Files\netbeans\java\modules\ext\jaxws22\woodstox-core-asl.jar;C:\Program Files\netbeans\java\modules\ext\jaxws22\api\jaxws-api.jar;C:\Program Files\netbeans\java\modules\ext\jaxws22\api\jsr181-api.jar;C:\Program Files\netbeans\java\modules\ext\jaxws22\api\javax.annotation.jar;C:\Program Files\netbeans\java\modules\ext\jaxws22\api\saaj-api.jar;C:\Program Files\netbeans\ide\modules\ext\jaxb\activation.jar;C:\Program Files\netbeans\ide\modules\ext\jaxb\api\jaxb-api.jar" />
    <property name="compile.on.save" value="true" />
    <property name="apple.awt.graphics.UseQuartz" value="true" />
    <property name="user.language" value="pt" />
    <property name="testng.mode" value="testng" />
    <property name="libs.JAXB-ENDORSED.maven-pom" value="" />
    <property name="libs.eclipselink.maven-pom" value="" />
    <property name="org.netbeans.io.suspend" value="0" />
    <property name="application.vendor" value="pvito" />
    <property name="test.binaryincludes" value="&lt;nothing&gt;" />
    <property name="manifest.available" value="true" />
    <property name="libs.spring-framework300.maven-pom" value="" />
    <property name="run.test.classpath" value="C:\Program Files\Java\jdk1.8.0_111/jre/lib/javaws.jar:C:\Program Files\Java\jdk1.8.0_111/jre/lib/deploy.jar:C:\Program Files\Java\jdk1.8.0_111/jre/lib/plugin.jar:build/classes:C:\Program Files\netbeans\platform\modules\ext\junit-4.12.jar:C:\Program Files\netbeans\platform\modules\ext\hamcrest-core-1.3.jar:build/test/classes" />
    <property name="ant.project.invoked-targets" value="test" />
    <property name="test.binaryexcludes" value="" />
    <property name="sun.java2d.dpiaware" value="true" />
    <property name="https.nonProxyHosts" value="localhost|127.0.0.1|LAPTOP-862SJ3TN" />
    <property name="libs.PostgreSQLDriver.maven-pom" value="" />
    <property name="java.class.version" value="52.0" />
    <property name="libs.eclipselink.javadoc" value="" />
    <property name="platforms.JDK_1.8.compiler" value="modern" />
    <property name="user.properties.file" value="C:\Users\pvito\AppData\Roaming\NetBeans\10.0\build.properties" />
    <property name="platforms.JDK_12_JavaFX.compiler" value="modern" />
    <property name="runtime.encoding" value="UTF-8" />
    <property name="javafx.rebase.libs" value="false" />
    <property name="libs.javac-api.maven-pom" value="" />
    <property name="file.encoding.pkg" value="sun.io" />
    <property name="sun.cpu.endian" value="little" />
    <property name="libs.JAXB-ENDORSED.javadoc" value="" />
    <property name="libs.JWSAntTasks.classpath" value="C:\Program Files\netbeans\java\ant\extra\org-netbeans-modules-javawebstart-anttasks.jar" />
    <property name="libs.spring-framework300.src" value="" />
    <property name="empty.dir" value="C:\Users\pvito\Documents\GitHub\AddressApp\build\empty" />
    <property name="javafx.deploy.backgroundupdate" value="false" />
    <property name="javafx.disable.concurrent.runs" value="false" />
    <property name="test.binarytestincludes" value="" />
    <property name="javafx.preloader.jar.path" value="" />
    <property name="javadoc.preview" value="true" />
    <property name="platforms.JDK_12_JavaFX.bootclasspath" value="C:\Program Files\Java\jdk-12.0.1\!/modules/java.base/;C:\Program Files\Java\jdk-12.0.1\!/modules/java.compiler/;C:\Program Files\Java\jdk-12.0.1\!/modules/java.datatransfer/;C:\Program Files\Java\jdk-12.0.1\!/modules/java.desktop/;C:\Program Files\Java\jdk-12.0.1\!/modules/java.instrument/;C:\Program Files\Java\jdk-12.0.1\!/modules/java.logging/;C:\Program Files\Java\jdk-12.0.1\!/modules/java.management/;C:\Program Files\Java\jdk-12.0.1\!/modules/java.management.rmi/;C:\Program Files\Java\jdk-12.0.1\!/modules/java.naming/;C:\Program Files\Java\jdk-12.0.1\!/modules/java.net.http/;C:\Program Files\Java\jdk-12.0.1\!/modules/java.prefs/;C:\Program Files\Java\jdk-12.0.1\!/modules/java.rmi/;C:\Program Files\Java\jdk-12.0.1\!/modules/java.scripting/;C:\Program Files\Java\jdk-12.0.1\!/modules/java.se/;C:\Program Files\Java\jdk-12.0.1\!/modules/java.security.jgss/;C:\Program Files\Java\jdk-12.0.1\!/modules/java.security.sasl/;C:\Program Files\Java\jdk-12.0.1\!/modules/java.smartcardio/;C:\Program Files\Java\jdk-12.0.1\!/modules/java.sql/;C:\Program Files\Java\jdk-12.0.1\!/modules/java.sql.rowset/;C:\Program Files\Java\jdk-12.0.1\!/modules/java.transaction.xa/;C:\Program Files\Java\jdk-12.0.1\!/modules/java.xml/;C:\Program Files\Java\jdk-12.0.1\!/modules/java.xml.crypto/;C:\Program Files\Java\jdk-12.0.1\!/modules/jdk.accessibility/;C:\Program Files\Java\jdk-12.0.1\!/modules/jdk.aot/;C:\Program Files\Java\jdk-12.0.1\!/modules/jdk.attach/;C:\Program Files\Java\jdk-12.0.1\!/modules/jdk.charsets/;C:\Program Files\Java\jdk-12.0.1\!/modules/jdk.compiler/;C:\Program Files\Java\jdk-12.0.1\!/modules/jdk.crypto.cryptoki/;C:\Program Files\Java\jdk-12.0.1\!/modules/jdk.crypto.ec/;C:\Program Files\Java\jdk-12.0.1\!/modules/jdk.crypto.mscapi/;C:\Program Files\Java\jdk-12.0.1\!/modules/jdk.dynalink/;C:\Program Files\Java\jdk-12.0.1\!/modules/jdk.editpad/;C:\Program Files\Java\jdk-12.0.1\!/modules/jdk.hotspot.agent/;C:\Program Files\Java\jdk-12.0.1\!/modules/jdk.httpserver/;C:\Program Files\Java\jdk-12.0.1\!/modules/jdk.internal.ed/;C:\Program Files\Java\jdk-12.0.1\!/modules/jdk.internal.jvmstat/;C:\Program Files\Java\jdk-12.0.1\!/modules/jdk.internal.le/;C:\Program Files\Java\jdk-12.0.1\!/modules/jdk.internal.opt/;C:\Program Files\Java\jdk-12.0.1\!/modules/jdk.internal.vm.ci/;C:\Program Files\Java\jdk-12.0.1\!/modules/jdk.internal.vm.compiler/;C:\Program Files\Java\jdk-12.0.1\!/modules/jdk.internal.vm.compiler.management/;C:\Program Files\Java\jdk-12.0.1\!/modules/jdk.jartool/;C:\Program Files\Java\jdk-12.0.1\!/modules/jdk.javadoc/;C:\Program Files\Java\jdk-12.0.1\!/modules/jdk.jcmd/;C:\Program Files\Java\jdk-12.0.1\!/modules/jdk.jconsole/;C:\Program Files\Java\jdk-12.0.1\!/modules/jdk.jdeps/;C:\Program Files\Java\jdk-12.0.1\!/modules/jdk.jdi/;C:\Program Files\Java\jdk-12.0.1\!/modules/jdk.jdwp.agent/;C:\Program Files\Java\jdk-12.0.1\!/modules/jdk.jfr/;C:\Program Files\Java\jdk-12.0.1\!/modules/jdk.jlink/;C:\Program Files\Java\jdk-12.0.1\!/modules/jdk.jshell/;C:\Program Files\Java\jdk-12.0.1\!/modules/jdk.jsobject/;C:\Program Files\Java\jdk-12.0.1\!/modules/jdk.jstatd/;C:\Program Files\Java\jdk-12.0.1\!/modules/jdk.localedata/;C:\Program Files\Java\jdk-12.0.1\!/modules/jdk.management/;C:\Program Files\Java\jdk-12.0.1\!/modules/jdk.management.agent/;C:\Program Files\Java\jdk-12.0.1\!/modules/jdk.management.jfr/;C:\Program Files\Java\jdk-12.0.1\!/modules/jdk.naming.dns/;C:\Program Files\Java\jdk-12.0.1\!/modules/jdk.naming.rmi/;C:\Program Files\Java\jdk-12.0.1\!/modules/jdk.net/;C:\Program Files\Java\jdk-12.0.1\!/modules/jdk.pack/;C:\Program Files\Java\jdk-12.0.1\!/modules/jdk.rmic/;C:\Program Files\Java\jdk-12.0.1\!/modules/jdk.scripting.nashorn/;C:\Program Files\Java\jdk-12.0.1\!/modules/jdk.scripting.nashorn.shell/;C:\Program Files\Java\jdk-12.0.1\!/modules/jdk.sctp/;C:\Program Files\Java\jdk-12.0.1\!/modules/jdk.security.auth/;C:\Program Files\Java\jdk-12.0.1\!/modules/jdk.security.jgss/;C:\Program Files\Java\jdk-12.0.1\!/modules/jdk.unsupported/;C:\Program Files\Java\jdk-12.0.1\!/modules/jdk.unsupported.desktop/;C:\Program Files\Java\jdk-12.0.1\!/modules/jdk.xml.dom/;C:\Program Files\Java\jdk-12.0.1\!/modules/jdk.zipfs/" />
    <property name="libs.jpa20-persistence.javadoc" value="" />
    <property name="java.home" value="C:\Program Files\Java\jdk1.8.0_111\jre" />
    <property name="debug.test.classpath" value="C:\Program Files\Java\jdk1.8.0_111/jre/lib/javaws.jar:C:\Program Files\Java\jdk1.8.0_111/jre/lib/deploy.jar:C:\Program Files\Java\jdk1.8.0_111/jre/lib/plugin.jar:build/classes:C:\Program Files\netbeans\platform\modules\ext\junit-4.12.jar:C:\Program Files\netbeans\platform\modules\ext\hamcrest-core-1.3.jar:build/test/classes" />
    <property name="netbeans.importclass" value="org.netbeans.upgrade.AutoUpgrade" />
    <property name="ant.project.default-target" value="default" />
    <property name="annotation.processing.run.all.processors" value="true" />
    <property name="jar.archive.disabled" value="true" />
    <property name="libs.PostgreSQLDriver.javadoc" value="" />
    <property name="javafx.main.class" value="ch.makery.address.MainApp" />
    <property name="ant.file.type.AddressApp" value="file" />
    <property name="netbeans.extbrowser.manual_chrome_plugin_install" value="yes" />
    <property name="javafx.application.implementation.version" value="1.0" />
    <property name="http.nonProxyHosts" value="localhost|127.0.0.1|LAPTOP-862SJ3TN" />
    <property name="libs.junit_4.javadoc" value="C:\Program Files\netbeans\platform\docs\junit-4.12-javadoc.jar" />
    <property name="platforms.JDK_1.8.bootclasspath" value="C:\Program Files\Java\jdk1.8.0_111\jre\lib\resources.jar;C:\Program Files\Java\jdk1.8.0_111\jre\lib\rt.jar;C:\Program Files\Java\jdk1.8.0_111\jre\lib\sunrsasign.jar;C:\Program Files\Java\jdk1.8.0_111\jre\lib\jsse.jar;C:\Program Files\Java\jdk1.8.0_111\jre\lib\jce.jar;C:\Program Files\Java\jdk1.8.0_111\jre\lib\charsets.jar;C:\Program Files\Java\jdk1.8.0_111\jre\lib\jfr.jar;C:\Program Files\Java\jdk1.8.0_111\jre\classes;C:\Program Files\Java\jdk1.8.0_111\jre\lib\ext\access-bridge-64.jar;C:\Program Files\Java\jdk1.8.0_111\jre\lib\ext\cldrdata.jar;C:\Program Files\Java\jdk1.8.0_111\jre\lib\ext\dnsns.jar;C:\Program Files\Java\jdk1.8.0_111\jre\lib\ext\jaccess.jar;C:\Program Files\Java\jdk1.8.0_111\jre\lib\ext\jfxrt.jar;C:\Program Files\Java\jdk1.8.0_111\jre\lib\ext\localedata.jar;C:\Program Files\Java\jdk1.8.0_111\jre\lib\ext\nashorn.jar;C:\Program Files\Java\jdk1.8.0_111\jre\lib\ext\sunec.jar;C:\Program Files\Java\jdk1.8.0_111\jre\lib\ext\sunjce_provider.jar;C:\Program Files\Java\jdk1.8.0_111\jre\lib\ext\sunmscapi.jar;C:\Program Files\Java\jdk1.8.0_111\jre\lib\ext\sunpkcs11.jar;C:\Program Files\Java\jdk1.8.0_111\jre\lib\ext\zipfs.jar" />
    <property name="javac.test.modulepath" value="" />
    <property name="run.classpath" value="dist/AddressApp.jar:C:\Program Files\Java\jdk1.8.0_111/jre/lib/javaws.jar:C:\Program Files\Java\jdk1.8.0_111/jre/lib/deploy.jar:C:\Program Files\Java\jdk1.8.0_111/jre/lib/plugin.jar:build/classes" />
    <property name="endorsed.javafx.ant.classpath" value="." />
    <property name="jna.boot.library.name" value="jnidispatch-440" />
    <property name="sun.awt.datatransfer.timeout" value="1000" />
    <property name="annotation.processing.enabled.in.editor" value="false" />
    <property name="nb.native.filechooser" value="false" />
    <property name="sun.management.compiler" value="HotSpot 64-Bit Tiered Compilers" />
    <property name="javac.deprecation" value="false" />
    <property name="javadoc.use" value="true" />
    <property name="sun.java2d.noddraw" value="true" />
    <property name="javac.processorpath" value="C:\Program Files\Java\jdk1.8.0_111/jre/lib/javaws.jar:C:\Program Files\Java\jdk1.8.0_111/jre/lib/deploy.jar:C:\Program Files\Java\jdk1.8.0_111/jre/lib/plugin.jar" />
    <property name="libs.hamcrest.maven-pom" value="" />
    <property name="libs.junit_5.classpath" value="C:\Program Files\netbeans\platform\modules\ext\junit-jupiter-api-5.3.1.jar;C:\Program Files\netbeans\platform\modules\ext\junit-jupiter-params-5.3.1.jar;C:\Program Files\netbeans\platform\modules\ext\junit-jupiter-engine-5.3.1.jar" />
    <property name="javac.compilerargs" value="" />
    <property name="ant.file" value="C:\Users\pvito\Documents\GitHub\AddressApp\build.xml" />
    <property name="javafx.signing.type" value="notsigned" />
    <property name="java.vm.specification.vendor" value="Oracle Corporation" />
    <property name="org.openide.major.version" value="IDE/1" />
    <property name="java.vm.name" value="Java HotSpot(TM) 64-Bit Server VM" />
    <property name="javafx.preloader.jar.filename" value="" />
    <property name="netbeans.user" value="C:\Users\pvito\AppData\Roaming\NetBeans\10.0" />
    <property name="javadoc.additionalparam" value="" />
    <property name="java.io.tmpdir" value="C:\Users\pvito\AppData\Local\Temp\" />
    <property name="javafx.run.inbrowser.path" value="C:\Program Files\Internet Explorer\IEXPLORE.EXE" />
    <property name="java.vendor.url" value="http://java.oracle.com/" />
    <property name="endorsed.classpath.cmd.line.arg" value="" />
    <property name="jna.loaded" value="true" />
    <property name="junit.available" value="true" />
    <property name="do.jlink" value="false" />
    <property name="sun.boot.library.path" value="C:\Program Files\Java\jdk1.8.0_111\jre\bin" />
    <property name="have.sources" value="true" />
    <property name="libs.hamcrest.javadoc" value="" />
    <property name="debug.classpath" value="dist/AddressApp.jar:C:\Program Files\Java\jdk1.8.0_111/jre/lib/javaws.jar:C:\Program Files\Java\jdk1.8.0_111/jre/lib/deploy.jar:C:\Program Files\Java\jdk1.8.0_111/jre/lib/plugin.jar:build/classes" />
    <property name="javac.external.vm" value="false" />
    <property name="javadoc.private" value="false" />
    <property name="test.src.dir" value="test" />
    <property name="libs.JavaFX.classpath" value="" />
    <property name="ant.file.AddressApp-impl" value="C:\Users\pvito\Documents\GitHub\AddressApp\nbproject\build-impl.xml" />
    <property name="ap.processors.internal" value="" />
    <property name="meta.inf.dir" value="src/META-INF" />
    <property name="javadoc.encoding.used" value="UTF-8" />
    <property name="dist.jar" value="dist/AddressApp.jar" />
    <property name="libs.spring-framework400.maven-pom" value="" />
    <property name="java.runtime.name" value="Java(TM) SE Runtime Environment" />
    <property name="debug.test.modulepath" value="" />
    <property name="ant.project.name" value="AddressApp" />
    <property name="netbeans.hash.code" value="unique=06ee470d6-2c1d-465b-8a10-e2970f02a041_fd17c325-2c3e-4727-8182-e0cea4d59419" />
    <property name="netbeans.default_userdir_root" value="C:\Users\pvito\AppData\Roaming\NetBeans" />
    <property name="platform.javadoc" value="C:\Program Files\Java\jdk1.8.0_111/bin/javadoc" />
    <property name="platform.javadoc.tmp" value="${platforms.JDK_1.8.javadoc}" />
    <property name="sun.cpu.isalist" value="amd64" />
    <property name="libs.spring-framework400.javadoc" value="" />
    <property name="libs.CopyLibs.javadoc" value="" />
    <property name="platform.compiler" value="${platforms.JDK_1.8.compile}" />
    <property name="javadoc.html5" value="false" />
    <property name="org.openide.specification.version" value="6.2" />
    <property name="javafx.classpath.extension" value="C:\Program Files\Java\jdk1.8.0_111/jre/lib/javaws.jar:C:\Program Files\Java\jdk1.8.0_111/jre/lib/deploy.jar:C:\Program Files\Java\jdk1.8.0_111/jre/lib/plugin.jar" />
    <property name="user.home" value="C:\Users\pvito" />
    <property name="annotation.processing.processors.list" value="" />
    <property name="sun.zip.disableMemoryMapping" value="true" />
    <property name="platform.javac.tmp" value="${platforms.JDK_1.8.javac}" />
    <property name="libs.JWSAntTasks.src" value="" />
    <property name="jar.index" value="false" />
    <property name="libs.CopyLibs.maven-pom" value="" />
    <property name="libs.spring-framework300.javadoc" value="" />
    <property name="libs.absolutelayout.javadoc" value="" />
    <property name="java.specification.name" value="Java Platform API Specification" />
    <property name="jlink.strip" value="false" />
    <property name="java.specification.vendor" value="Oracle Corporation" />
    <property name="libs.javac-api.classpath" value="" />
    <property name="java.version" value="1.8.0_111" />
    <property name="run.jvmargs.ide" value="" />
    <property name="javadoc.version" value="false" />
    <property name="javac.processormodulepath" value="" />
    <property name="org.openide.version" value="deprecated" />
    <property name="platform.java" value="C:\Program Files\Java\jdk1.8.0_111/bin/java" />
    <property name="source.encoding" value="UTF-8" />
    <property name="java.vm.compressedOopsMode" value="32-bit" />
    <property name="ap.cmd.line.internal" value="" />
    <property name="libs.eclipselinkmodelgen.maven-pom" value="" />
    <property name="ant.file.type.jfx-impl" value="file" />
    <property name="libs.eclipselinkmodelgen.javadoc" value="" />
    <property name="ant.file.jfx-impl" value="C:\Users\pvito\Documents\GitHub\AddressApp\nbproject\jfx-impl.xml" />
    <property name="netbeans.home+have.tests" value="true" />
    <property name="annotation.processing.processor.options" value="" />
    <property name="javafx.deploy.adddesktopshortcut" value="false" />
    <property name="libs.testng.maven-pom" value="" />
    <property name="libs.jaxb.src" value="" />
    <property name="ant.file.type.AddressApp-impl" value="file" />
    <property name="work.dir" value="C:\Users\pvito\Documents\GitHub\AddressApp" />
    <property name="compile.on.save.unsupported.javafx" value="true" />
    <property name="libs.jaxb.classpath" value="C:\Program Files\netbeans\ide\modules\ext\jaxb\jaxb-impl-2.2.5-2.jar;C:\Program Files\netbeans\ide\modules\ext\jaxb\jaxb-xjc-2.2.5-2.jar;C:\Program Files\netbeans\ide\modules\ext\jaxb\jaxb1-impl-2.2.5-2.jar;C:\Program Files\netbeans\ide\modules\ext\jaxb\activation.jar;C:\Program Files\netbeans\ide\modules\ext\jaxb\api\jaxb-api.jar" />
    <property name="php.global.include.path" value="" />
    <property name="do.depend" value="false" />
    <property name="dist.javadoc.dir" value="dist/javadoc" />
    <property name="build.generated.dir" value="build/generated" />
    <property name="javac.source" value="1.8" />
    <property name="java.version.date" value="2019-04-16" />
    <property name="javafx.fallback.class" value="com.javafx.main.NoJavaFXFallback" />
    <property name="line.separator" value="&#xd;&#xa;" />
    <property name="java.specification.version" value="1.8" />
    <property name="libs.jaxws21.maven-pom" value="" />
    <property name="java.vm.info" value="mixed mode" />
    <property name="nb.junit.batch" value="true" />
    <property name="junit.forkmode" value="perTest" />
    <property name="platform.java.tmp" value="${platforms.JDK_1.8.java}" />
    <property name="sun.boot.class.path" value="C:\Program Files\Java\jdk1.8.0_111\jre\lib\resources.jar;C:\Program Files\Java\jdk1.8.0_111\jre\lib\rt.jar;C:\Program Files\Java\jdk1.8.0_111\jre\lib\sunrsasign.jar;C:\Program Files\Java\jdk1.8.0_111\jre\lib\jsse.jar;C:\Program Files\Java\jdk1.8.0_111\jre\lib\jce.jar;C:\Program Files\Java\jdk1.8.0_111\jre\lib\charsets.jar;C:\Program Files\Java\jdk1.8.0_111\jre\lib\jfr.jar;C:\Program Files\Java\jdk1.8.0_111\jre\classes" />
    <property name="javac.target" value="1.8" />
    <property name="built-jar.properties" value="C:\Users\pvito\Documents\GitHub\AddressApp\build\built-jar.properties" />
    <property name="javafx.deploy.permissionselevated" value="false" />
    <property name="build.test.classes.dir" value="build/test/classes" />
    <property name="src.dir" value="src" />
    <property name="javac.test.compilerargs" value="" />
    <property name="annotation.processing.enabled" value="true" />
    <property name="sun.awt.keepWorkingSetOnMinimize" value="true" />
    <property name="libs.jpa20-persistence.src" value="" />
    <property name="ignore.failing.tests" value="true" />
    <property name="javafx.enable.concurrent.external.runs" value="false" />
    <property name="javafx.deploy.embedJNLP" value="true" />
    <property name="dist.dir" value="dist" />
    <property name="libs.groovy-all.javadoc" value="" />
    <property name="jlink.launcher" value="false" />
    <property name="testng.debug.mode" value="" />
    <property name="libs.groovy-all.classpath" value="C:\Program Files\netbeans\groovy\modules\ext\groovy.jar;C:\Program Files\netbeans\groovy\modules\ext\groovy-ant.jar" />
    <property name="java.awt.printerjob" value="sun.awt.windows.WPrinterJob" />
    <property name="default.javac.source" value="12" />
    <property name="debug-transport-by-os" value="dt_shmem" />
    <property name="sun.jnu.encoding" value="Cp1252" />
    <property name="run.test.jvmargs" value="" />
    <property name="build.test.results.dir" value="build/test/results" />
    <property name="java.runtime.version" value="1.8.0_111-b14" />
    <property name="javafx.run.inbrowser" value="&lt;Default System Browser&gt;" />
    <property name="native.bundling.enabled" value="false" />
    <property name="javafx.deploy.disable.proxy" value="false" />
    <property name="default.javac.target" value="12" />
    <property name="libs.junit_4.classpath" value="C:\Program Files\netbeans\platform\modules\ext\junit-4.12.jar" />
    <property name="user.timezone" value="" />
    <property name="platforms.JDK_12_JavaFX.home" value="C:\Program Files\Java\jdk-12.0.1" />
    <property name="nb.junit.single" value="false" />
    <property name="do.jar" value="true" />
    <property name="netbeans.dirs" value="C:\Program Files\netbeans\nb;C:\Program Files\netbeans\ergonomics;C:\Program Files\netbeans\ide;C:\Program Files\netbeans\extide;C:\Program Files\netbeans\java;C:\Program Files\netbeans\apisupport;C:\Program Files\netbeans\webcommon;C:\Program Files\netbeans\websvccommon;C:\Program Files\netbeans\enterprise;C:\Program Files\netbeans\mobility;C:\Program Files\netbeans\profiler;C:\Program Files\netbeans\python;C:\Program Files\netbeans\php;C:\Program Files\netbeans\identity;C:\Program Files\netbeans\harness;C:\Program Files\netbeans\cnd;C:\Program Files\netbeans\cndext;C:\Program Files\netbeans\dlight;C:\Program Files\netbeans\groovy;C:\Program Files\netbeans\extra;C:\Program Files\netbeans\javacard;C:\Program Files\netbeans\javafx" />
    <property name="java.ext.dirs" value="C:\Program Files\Java\jdk1.8.0_111\jre\lib\ext;C:\WINDOWS\Sun\Java\lib\ext" />
    <property name="endorsed.classpath" value="" />
    <property name="libs.absolutelayout.classpath" value="C:\Program Files\netbeans\java\modules\ext\AbsoluteLayout.jar" />
    <property name="excludes" value="" />
    <property name="apple.laf.useScreenMenuBar" value="true" />
    <property name="java.class.path" value="C:\Program Files\Java\jdk1.8.0_111\jre\lib\javaws.jar;C:\Program Files\Java\jdk1.8.0_111\jre\lib\deploy.jar;C:\Program Files\Java\jdk1.8.0_111\jre\lib\plugin.jar;C:\Users\pvito\Documents\GitHub\AddressApp\build\classes;C:\Program Files\netbeans\platform\modules\ext\junit-4.12.jar;C:\Program Files\netbeans\platform\modules\ext\hamcrest-core-1.3.jar;C:\Users\pvito\Documents\GitHub\AddressApp\build\test\classes;C:\Users\pvito\Documents\GitHub\AddressApp;C:\Program Files\netbeans\extide\ant\lib\ant-launcher.jar;C:\Program Files\netbeans\extide\ant\lib\ant.jar;C:\Program Files\netbeans\extide\ant\lib\ant-junit.jar;C:\Program Files\netbeans\extide\ant\lib\ant-junit4.jar" />
    <property name="libs.absolutelayout.src" value="" />
    <property name="libs.jpa20-persistence.classpath" value="C:\Program Files\netbeans\java\modules\ext\eclipselink\javax.persistence-2.1.0.jar" />
    <property name="libs.junit_5.javadoc" value="C:\Program Files\netbeans\platform\docs\junit-jupiter-api-5.3.1-javadoc.jar;C:\Program Files\netbeans\platform\docs\junit-jupiter-params-5.3.1-javadoc.jar;C:\Program Files\netbeans\platform\docs\junit-jupiter-engine-5.3.1-javadoc.jar" />
    <property name="os.version" value="10.0" />
    <property name="application.args" value="" />
    <property name="manifest.custom.permissions" value="" />
    <property name="main.class.available" value="true" />
    <property name="sun.awt.enableExtraMouseButtons" value="true" />
    <property name="sun.desktop" value="windows" />
    <property name="jlink.launcher.name" value="AddressApp" />
    <property name="javafx.deploy.allowoffline" value="true" />
    <property name="libs.JAXB-ENDORSED.classpath" value="C:\Program Files\netbeans\ide\modules\ext\jaxb\api\jaxb-api.jar" />
    <property name="nb.internal.action.name" value="test" />
    <property name="run.test.modulepath" value="" />
    <property name="libs.eclipselink.classpath" value="C:\Program Files\netbeans\java\modules\ext\eclipselink\org.eclipse.persistence.core-2.5.2.jar;C:\Program Files\netbeans\java\modules\ext\eclipselink\org.eclipse.persistence.asm-2.5.2.jar;C:\Program Files\netbeans\java\modules\ext\eclipselink\org.eclipse.persistence.antlr-2.5.2.jar;C:\Program Files\netbeans\java\modules\ext\eclipselink\org.eclipse.persistence.jpa-2.5.2.jar;C:\Program Files\netbeans\java\modules\ext\eclipselink\org.eclipse.persistence.jpa.jpql-2.5.2.jar;C:\Program Files\netbeans\java\modules\ext\eclipselink\javax.persistence-2.1.0.jar" />
    <property name="java.awt.graphicsenv" value="sun.awt.Win32GraphicsEnvironment" />
    <property name="java.vm.vendor" value="Oracle Corporation" />
    <property name="libs.CopyLibs.classpath" value="C:\Program Files\netbeans\java\ant\extra\org-netbeans-modules-java-j2seproject-copylibstask.jar" />
    <property name="libs.spring-framework300.classpath" value="C:\Program Files\netbeans\ide\modules\org-apache-commons-logging.jar;C:\Program Files\netbeans\java\modules\ext\cglib-2.2.jar;C:\Program Files\netbeans\java\modules\ext\spring-3.0\spring-aop-3.2.7.RELEASE.jar;C:\Program Files\netbeans\java\modules\ext\spring-3.0\spring-aspects-3.2.7.RELEASE.jar;C:\Program Files\netbeans\java\modules\ext\spring-3.0\spring-beans-3.2.7.RELEASE.jar;C:\Program Files\netbeans\java\modules\ext\spring-3.0\spring-build-src-3.2.7.RELEASE.jar;C:\Program Files\netbeans\java\modules\ext\spring-3.0\spring-context-3.2.7.RELEASE.jar;C:\Program Files\netbeans\java\modules\ext\spring-3.0\spring-context-support-3.2.7.RELEASE.jar;C:\Program Files\netbeans\java\modules\ext\spring-3.0\spring-core-3.2.7.RELEASE.jar;C:\Program Files\netbeans\java\modules\ext\spring-3.0\spring-expression-3.2.7.RELEASE.jar;C:\Program Files\netbeans\java\modules\ext\spring-3.0\spring-framework-bom-3.2.7.RELEASE.jar;C:\Program Files\netbeans\java\modules\ext\spring-3.0\spring-instrument-3.2.7.RELEASE.jar;C:\Program Files\netbeans\java\modules\ext\spring-3.0\spring-instrument-tomcat-3.2.7.RELEASE.jar;C:\Program Files\netbeans\java\modules\ext\spring-3.0\spring-jdbc-3.2.7.RELEASE.jar;C:\Program Files\netbeans\java\modules\ext\spring-3.0\spring-jms-3.2.7.RELEASE.jar;C:\Program Files\netbeans\java\modules\ext\spring-3.0\spring-orm-3.2.7.RELEASE.jar;C:\Program Files\netbeans\java\modules\ext\spring-3.0\spring-oxm-3.2.7.RELEASE.jar;C:\Program Files\netbeans\java\modules\ext\spring-3.0\spring-struts-3.2.7.RELEASE.jar;C:\Program Files\netbeans\java\modules\ext\spring-3.0\spring-test-3.2.7.RELEASE.jar;C:\Program Files\netbeans\java\modules\ext\spring-3.0\spring-tx-3.2.7.RELEASE.jar;C:\Program Files\netbeans\java\modules\ext\spring-3.0\spring-web-3.2.7.RELEASE.jar;C:\Program Files\netbeans\java\modules\ext\spring-3.0\spring-webmvc-3.2.7.RELEASE.jar;C:\Program Files\netbeans\java\modules\ext\spring-3.0\spring-webmvc-portlet-3.2.7.RELEASE.jar" />
    <property name="libs.junit_5.maven-pom" value="" />
    <property name="libs.hamcrest.src" value="" />
    <property name="run.jvmargs" value="" />
    <property name="libs.JAXB-ENDORSED.src" value="" />
    <property name="libs.testng.javadoc" value="C:\Program Files\netbeans\platform\docs\testng-6.8.1-javadoc.zip" />
    <property name="platforms.JDK_1.8.home" value="C:\Program Files\Java\jdk1.8.0_111" />
    <property name="user.script" value="" />
    <property name="libs.PostgreSQLDriver.classpath" value="C:\Program Files\netbeans\ide\modules\ext\postgresql-42.2.5.jar" />
    <property name="annotation.processing.source.output" value="build/generated-sources/ap-source-output" />
    <property name="main.class" value="com.javafx.main.Main" />
    <property name="libs.CopyLibs.src" value="" />
    <property name="build.dir" value="build" />
    <property name="debug.modulepath" value="" />
    <property name="ant.version" value="Apache Ant(TM) version 1.10.4 compiled on June 19 2018" />
    <property name="file.encoding" value="Cp1252" />
    <property name="build.classes.excludes" value="**/*.java,**/*.form" />
    <property name="javadoc.nonavbar" value="false" />
    <property name="platform.active" value="JDK_1.8" />
    <property name="awt.toolkit" value="sun.awt.windows.WToolkit" />
    <property name="javafx.deploy.installpermanently" value="false" />
  </properties>
  <testcase classname="ch.makery.address.util.xml.XmlUtilTest" name="shoudReturnANotNullInstanceOfXmlUtilWhenPersonListWrapperIsPassed" time="0.116" />
  <testcase classname="ch.makery.address.util.xml.XmlUtilTest" name="shoudReturnANotNullInstanceOfXmlUtilWhenDateUtilIsPassed" time="0.006" />
  <testcase classname="ch.makery.address.util.xml.XmlUtilTest" name="shoudThrowExceptionIfNullIsPassed" time="0.014">
    <error message="Unexpected exception, expected&lt;javax.xml.bind.JAXBException&gt; but was&lt;java.lang.NullPointerException&gt;" type="java.lang.Exception">java.lang.Exception: Unexpected exception, expected&lt;javax.xml.bind.JAXBException&gt; but was&lt;java.lang.NullPointerException&gt;
Caused by: java.lang.NullPointerException
	at ch.makery.address.util.xml.XmlUtilTest.shoudThrowExceptionIfNullIsPassed(XmlUtilTest.java:67)
</error>
  </testcase>
  <testcase classname="ch.makery.address.util.xml.XmlUtilTest" name="shouldThrowExceptionWhentNullIsPassed" time="0.004" />
  <system-out><![CDATA[getInstance
getInstance
marshall
getInstance
]]></system-out>
  <system-err><![CDATA[]]></system-err>
</testsuite>
